# JRE version: OpenJDK Runtime Environment (20.0.2+9) (build 20.0.2+9-78)
# Java VM: OpenJDK 64-Bit Server VM (20.0.2+9-78, mixed mode, emulated-client, sharing, tiered, compressed oops, compressed class ptrs, g1 gc, windows-amd64)
GC Precious Log:
 CardTable entry size: 512
 Card Set container configuration: InlinePtr #cards 4 size 8 Array Of Cards #cards 16 size 48 Howl #buckets 8 coarsen threshold 3686 Howl Bitmap #cards 512 size 80 coarsen threshold 460 Card regions per heap region 1 cards per card region 4096
 CPUs: 8 total, 8 available
 Memory: 16191M
 Large Page Support: Disabled
 NUMA Support: Disabled
 Compressed Oops: Enabled (Zero based)
 Heap Region Size: 2M
 Heap Min Capacity: 8M
 Heap Initial Capacity: 254M
 Heap Max Capacity: 4048M
 Pre-touch: Disabled
 Parallel Workers: 8
 Concurrent Workers: 2
 Concurrent Refinement Workers: 8
 Periodic GC: Disabled
Heap:
 garbage-first heap   total 49152K, used 17621K [0x0000000703000000, 0x0000000800000000)
  region size 2048K, 3 young (6144K), 1 survivors (2048K)
 Metaspace       used 30154K, committed 30592K, reserved 1114112K
  class space    used 3963K, committed 4160K, reserved 1048576K
GC Heap History (12 events):
Event: 0.606 GC heap before
{Heap before GC invocations=0 (full 0):
 garbage-first heap   total 260096K, used 22528K [0x0000000703000000, 0x0000000800000000)
  region size 2048K, 11 young (22528K), 0 survivors (0K)
 Metaspace       used 5877K, committed 6080K, reserved 1114112K
  class space    used 679K, committed 768K, reserved 1048576K
}
Event: 0.610 GC heap after
{Heap after GC invocations=1 (full 0):
 garbage-first heap   total 260096K, used 5090K [0x0000000703000000, 0x0000000800000000)
  region size 2048K, 2 young (4096K), 2 survivors (4096K)
 Metaspace       used 5877K, committed 6080K, reserved 1114112K
  class space    used 679K, committed 768K, reserved 1048576K
}
Event: 1.077 GC heap before
{Heap before GC invocations=1 (full 0):
 garbage-first heap   total 260096K, used 31714K [0x0000000703000000, 0x0000000800000000)
  region size 2048K, 16 young (32768K), 2 survivors (4096K)
 Metaspace       used 11780K, committed 12096K, reserved 1114112K
  class space    used 1535K, committed 1664K, reserved 1048576K
}
Event: 1.081 GC heap after
{Heap after GC invocations=2 (full 0):
 garbage-first heap   total 260096K, used 7179K [0x0000000703000000, 0x0000000800000000)
  region size 2048K, 1 young (2048K), 1 survivors (2048K)
 Metaspace       used 11780K, committed 12096K, reserved 1114112K
  class space    used 1535K, committed 1664K, reserved 1048576K
}
Event: 1.479 GC heap before
{Heap before GC invocations=2 (full 0):
 garbage-first heap   total 260096K, used 44043K [0x0000000703000000, 0x0000000800000000)
  region size 2048K, 21 young (43008K), 1 survivors (2048K)
 Metaspace       used 18999K, committed 19328K, reserved 1114112K
  class space    used 2443K, committed 2624K, reserved 1048576K
}
Event: 1.483 GC heap after
{Heap after GC invocations=3 (full 0):
 garbage-first heap   total 260096K, used 10188K [0x0000000703000000, 0x0000000800000000)
  region size 2048K, 3 young (6144K), 3 survivors (6144K)
 Metaspace       used 18999K, committed 19328K, reserved 1114112K
  class space    used 2443K, committed 2624K, reserved 1048576K
}
Event: 1.823 GC heap before
{Heap before GC invocations=4 (full 0):
 garbage-first heap   total 49152K, used 32716K [0x0000000703000000, 0x0000000800000000)
  region size 2048K, 14 young (28672K), 3 survivors (6144K)
 Metaspace       used 21567K, committed 21952K, reserved 1114112K
  class space    used 2810K, committed 2944K, reserved 1048576K
}
Event: 1.829 GC heap after
{Heap after GC invocations=5 (full 0):
 garbage-first heap   total 49152K, used 11212K [0x0000000703000000, 0x0000000800000000)
  region size 2048K, 1 young (2048K), 1 survivors (2048K)
 Metaspace       used 21567K, committed 21952K, reserved 1114112K
  class space    used 2810K, committed 2944K, reserved 1048576K
}
Event: 2.201 GC heap before
{Heap before GC invocations=5 (full 0):
 garbage-first heap   total 49152K, used 35788K [0x0000000703000000, 0x0000000800000000)
  region size 2048K, 13 young (26624K), 1 survivors (2048K)
 Metaspace       used 25293K, committed 25792K, reserved 1114112K
  class space    used 3311K, committed 3520K, reserved 1048576K
}
Event: 2.206 GC heap after
{Heap after GC invocations=6 (full 0):
 garbage-first heap   total 49152K, used 13752K [0x0000000703000000, 0x0000000800000000)
  region size 2048K, 2 young (4096K), 2 survivors (4096K)
 Metaspace       used 25293K, committed 25792K, reserved 1114112K
  class space    used 3311K, committed 3520K, reserved 1048576K
}
Event: 2.534 GC heap before
{Heap before GC invocations=6 (full 0):
 garbage-first heap   total 49152K, used 38328K [0x0000000703000000, 0x0000000800000000)
  region size 2048K, 14 young (28672K), 2 survivors (4096K)
 Metaspace       used 30048K, committed 30464K, reserved 1114112K
  class space    used 3947K, committed 4096K, reserved 1048576K
}
Event: 2.537 GC heap after
{Heap after GC invocations=7 (full 0):
 garbage-first heap   total 49152K, used 15573K [0x0000000703000000, 0x0000000800000000)
  region size 2048K, 1 young (2048K), 1 survivors (2048K)
 Metaspace       used 30048K, committed 30464K, reserved 1114112K
  class space    used 3947K, committed 4096K, reserved 1048576K
}

