<?xml version="1.0" encoding="UTF-8"?>
<testsuite xmlns:xsi="http://www.w3.org/2001/XMLSchema-instance" xsi:noNamespaceSchemaLocation="https://maven.apache.org/surefire/maven-surefire-plugin/xsd/surefire-test-report.xsd" name="com.itheima.TliasWebManagementApplicationTests" time="4.044" tests="3" errors="1" skipped="0" failures="0">
  <properties>
[...]
</properties>
  <testcase name="contextLoads" classname="com.itheima.TliasWebManagementApplicationTests" time="0.487"/>
  <testcase name="testGenJwt" classname="com.itheima.TliasWebManagementApplicationTests" time="0.145"/>
  <testcase name="testParseJwt" classname="com.itheima.TliasWebManagementApplicationTests" time="0.039">
    <error message="JWT expired at 2023-09-04T15:50:24Z. Current time: 2023-09-04T18:21:03Z, a difference of 9039142 milliseconds.  Allowed clock skew: 0 milliseconds." type="io.jsonwebtoken.ExpiredJwtException">io.jsonwebtoken.ExpiredJwtException: JWT expired at 2023-09-04T15:50:24Z. Current time: 2023-09-04T18:21:03Z, a difference of 9039142 milliseconds.  Allowed clock skew: 0 milliseconds.
	at com.itheima.TliasWebManagementApplicationTests.testParseJwt(TliasWebManagementApplicationTests.java:39)
</error>
  </testcase>
</testsuite>